<?xml version="1.0" encoding="utf-8"?><testsuites name="pytest tests"><testsuite name="pytest" errors="0" failures="3" skipped="0" tests="15" time="40.815" timestamp="2026-07-14T14:40:17.165396+00:00" hostname="agent-env-bbc88a69-9460-4b96-9d3a-d35ea17917b2"><testcase classname="tests.test_suvio_ai_v2_nl_actions.TestAuth" name="test_login_and_cookie" time="0.420" /><testcase classname="tests.test_suvio_ai_v2_nl_actions.TestAuth" name="test_stream_requires_auth" time="0.133" /><testcase classname="tests.test_suvio_ai_v2_nl_actions.TestLogWater" name="test_log_500ml_water_creates_exactly_one_doc" time="2.858" /><testcase classname="tests.test_suvio_ai_v2_nl_actions.TestTaskWithDueDate" name="test_task_dentist_friday" time="4.334"><failure message="AssertionError: expected due date on 2026-07-17 (Fri), got 2026-07-16T18:30:00&#10;assert ('2026-07-17' in '2026-07-16T18:30:00' or '2026-07-18' in '2026-07-16T18:30:00')">backend/tests/test_suvio_ai_v2_nl_actions.py:173: in test_task_dentist_friday
    assert '2026-07-17' in due_str or '2026-07-18' in due_str, \
E   AssertionError: expected due date on 2026-07-17 (Fri), got 2026-07-16T18:30:00
E   assert ('2026-07-17' in '2026-07-16T18:30:00' or '2026-07-18' in '2026-07-16T18:30:00')</failure></testcase><testcase classname="tests.test_suvio_ai_v2_nl_actions.TestExpense" name="test_dinner_expense" time="3.806" /><testcase classname="tests.test_suvio_ai_v2_nl_actions.TestScopeRefusal" name="test_out_of_scope_refuses_and_no_side_effects[Who won IPL 2024?]" time="2.187" /><testcase classname="tests.test_suvio_ai_v2_nl_actions.TestScopeRefusal" name="test_out_of_scope_refuses_and_no_side_effects[Write me a python fibonacci function]" time="1.752" /><testcase classname="tests.test_suvio_ai_v2_nl_actions.TestScopeRefusal" name="test_out_of_scope_refuses_and_no_side_effects[What's the capital of France?]" time="1.838" /><testcase classname="tests.test_suvio_ai_v2_nl_actions.TestDestructive" name="test_delete_all_tasks_asks_confirm_no_deletes" time="1.280" /><testcase classname="tests.test_suvio_ai_v2_nl_actions.TestConversationContext" name="test_multiturn_task_with_tomorrow" time="7.927" /><testcase classname="tests.test_suvio_ai_v2_nl_actions.TestClarification" name="test_book_it_ambiguous" time="2.261"><failure message="AssertionError: expected question mark in reply: &quot;I'm Suvio AI. I can only help with things inside Suvio â\x80\x94 your tasks, finance, health, notes, travel, wardrobe, documents, reminders, subscription and settings. I can't answer that.&quot;&#10;assert '?' in &quot;I'm Suvio AI. I can only help with things inside Suvio â\x80\x94 your tasks, finance, health, notes, travel, wardrobe, documents, reminders, subscription and settings. I can't answer that.&quot;">backend/tests/test_suvio_ai_v2_nl_actions.py:269: in test_book_it_ambiguous
    assert '?' in res['text'], f'expected question mark in reply: {res["text"]!r}'
E   AssertionError: expected question mark in reply: "I'm Suvio AI. I can only help with things inside Suvio â\x80\x94 your tasks, finance, health, notes, travel, wardrobe, documents, reminders, subscription and settings. I can't answer that."
E   assert '?' in "I'm Suvio AI. I can only help with things inside Suvio â\x80\x94 your tasks, finance, health, notes, travel, wardrobe, documents, reminders, subscription and settings. I can't answer that."</failure></testcase><testcase classname="tests.test_suvio_ai_v2_nl_actions.TestPersonalized" name="test_how_much_water_today" time="1.925"><failure message="AssertionError: expected water reference in reply: &quot;I'm Suvio AI. I can only help with things inside Suvio â\x80\x94 your tasks, finance, health, notes, travel, wardrobe, documents, reminders, subscription and settings. I can't answer that.&quot;&#10;assert ('ml' in &quot;i'm suvio ai. i can only help with things inside suvio â\x80\x94 your tasks, finance, health, notes, travel, wardrobe, documents, reminders, subscription and settings. i can't answer that.&quot; or 'water' in &quot;i'm suvio ai. i can only help with things inside suvio â\x80\x94 your tasks, finance, health, notes, travel, wardrobe, documents, reminders, subscription and settings. i can't answer that.&quot;)">backend/tests/test_suvio_ai_v2_nl_actions.py:284: in test_how_much_water_today
    assert 'ml' in low or 'water' in low, f'expected water reference in reply: {res["text"]!r}'
E   AssertionError: expected water reference in reply: "I'm Suvio AI. I can only help with things inside Suvio â\x80\x94 your tasks, finance, health, notes, travel, wardrobe, documents, reminders, subscription and settings. I can't answer that."
E   assert ('ml' in "i'm suvio ai. i can only help with things inside suvio â\x80\x94 your tasks, finance, health, notes, travel, wardrobe, documents, reminders, subscription and settings. i can't answer that." or 'water' in "i'm suvio ai. i can only help with things inside suvio â\x80\x94 your tasks, finance, health, notes, travel, wardrobe, documents, reminders, subscription and settings. i can't answer that.")</failure></testcase><testcase classname="tests.test_suvio_ai_v2_nl_actions.TestDedup" name="test_no_duplicate_water_insert" time="2.683" /><testcase classname="tests.test_suvio_ai_v2_nl_actions.TestSSEStructure" name="test_events_shape" time="2.296" /><testcase classname="tests.test_suvio_ai_v2_nl_actions.TestHistory" name="test_history_list_and_rename" time="4.732" /></testsuite></testsuites>