<?xml version="1.0" encoding="utf-8"?><testsuites name="pytest tests"><testsuite name="pytest" errors="0" failures="0" skipped="0" tests="15" time="3.666" timestamp="2026-07-15T14:28:01.728436+00:00" hostname="agent-env-8174e994-4c2e-4cfe-ab03-173d945304a1"><testcase classname="tests.test_suvio_v21_features.TestCronWorker" name="test_cron_no_auth_401" time="0.195" /><testcase classname="tests.test_suvio_v21_features.TestTrainerSessions" name="test_create_session" time="2.324" /><testcase classname="tests.test_suvio_v21_features.TestCronWorker" name="test_cron_wrong_secret_401" time="0.193" /><testcase classname="tests.test_suvio_v21_features.TestCronWorker" name="test_cron_correct_secret_200_public" time="0.151" /><testcase classname="tests.test_suvio_v21_features.TestCodeVerifications" name="test_tools_js_uses_user_tz" time="0.000" /><testcase classname="tests.test_suvio_v21_features.TestCodeVerifications" name="test_scheduler_retry_max_3" time="0.000" /><testcase classname="tests.test_suvio_v21_features.TestCodeVerifications" name="test_workout_page_has_ai_trainer_section" time="0.000" /><testcase classname="tests.test_suvio_v21_features.TestReminderSettings" name="test_get_settings_has_timezone_and_phone" time="0.214" /><testcase classname="tests.test_suvio_v21_features.TestReminderSettings" name="test_put_settings_timezone_ny_meals_workout" time="1.626" /><testcase classname="tests.test_suvio_v21_features.TestTrainerSessions" name="test_get_sessions_includes_created" time="0.126" /><testcase classname="tests.test_suvio_v21_features.TestPlanStatus" name="test_plan_premium_lifetime" time="0.084" /><testcase classname="tests.test_suvio_v21_features.TestTrainerSessions" name="test_delete_bogus_404" time="0.095" /><testcase classname="tests.test_suvio_v21_features.TestOtpSend" name="test_otp_send_dev_mode" time="0.103" /><testcase classname="tests.test_suvio_v21_features.TestTrainerSessions" name="test_delete_session" time="0.291" /><testcase classname="tests.test_suvio_v21_features.TestNonPremiumGate" name="test_meals_workout_rejected_for_free_user" time="0.390" /></testsuite></testsuites>