<?xml version="1.0" encoding="utf-8"?><testsuites name="pytest tests"><testsuite name="pytest" errors="0" failures="0" skipped="0" tests="15" time="13.450" timestamp="2026-07-14T14:20:36.314248+00:00" hostname="agent-env-bbc88a69-9460-4b96-9d3a-d35ea17917b2"><testcase classname="tests.test_suvio_ai_phase1.TestSupportStatus" name="test_status_all_systems" time="0.731" /><testcase classname="tests.test_suvio_ai_phase1.TestAuth" name="test_login_success" time="0.296" /><testcase classname="tests.test_suvio_ai_phase1.TestAuth" name="test_login_invalid" time="0.192" /><testcase classname="tests.test_suvio_ai_phase1.TestAuth" name="test_ai_stream_requires_auth" time="0.149" /><testcase classname="tests.test_suvio_ai_phase1.TestAiStream" name="test_stream_returns_sid_and_deltas" time="1.485" /><testcase classname="tests.test_suvio_ai_phase1.TestAiStream" name="test_stream_reuses_session" time="2.735" /><testcase classname="tests.test_suvio_ai_phase1.TestAiStream" name="test_stream_missing_message" time="0.191" /><testcase classname="tests.test_suvio_ai_phase1.TestAiHistory" name="test_list_sessions_shape" time="0.073" /><testcase classname="tests.test_suvio_ai_phase1.TestAiHistory" name="test_get_session_items" time="0.113" /><testcase classname="tests.test_suvio_ai_phase1.TestAiHistory" name="test_rename_session_and_verify" time="0.228" /><testcase classname="tests.test_suvio_ai_phase1.TestAiHistory" name="test_rename_empty_title_fails" time="0.116" /><testcase classname="tests.test_suvio_ai_phase1.TestAiHistory" name="test_delete_session_removes_data" time="1.896" /><testcase classname="tests.test_suvio_ai_phase1.TestAiIntent" name="test_expense_offer" time="1.994" /><testcase classname="tests.test_suvio_ai_phase1.TestAiIntent" name="test_clarification_question" time="1.120" /><testcase classname="tests.test_suvio_ai_phase1.TestAiIntent" name="test_destructive_confirm" time="2.052" /></testsuite></testsuites>