<?xml version="1.0" encoding="utf-8"?><testsuites name="pytest tests"><testsuite name="pytest" errors="0" failures="0" skipped="0" tests="12" time="5.374" timestamp="2026-07-13T05:02:42.394393+00:00" hostname="agent-env-4dc532c9-dffa-4bcd-8331-e01aa9dbf272"><testcase classname="tests.test_suvio_v16_helpandtrainer.TestSupport" name="test_bug_report" time="0.663" /><testcase classname="tests.test_suvio_v16_helpandtrainer.TestPlanStatus" name="test_plan_status_premium" time="0.741" /><testcase classname="tests.test_suvio_v16_helpandtrainer.TestSupport" name="test_bug_report_missing_fields" time="0.141" /><testcase classname="tests.test_suvio_v16_helpandtrainer.TestPlanStatus" name="test_plan_status_requires_auth" time="0.312" /><testcase classname="tests.test_suvio_v16_helpandtrainer.TestSupport" name="test_feature_request" time="0.198" /><testcase classname="tests.test_suvio_v16_helpandtrainer.TestHealthTrainer" name="test_create_trainer_session" time="1.807" /><testcase classname="tests.test_suvio_v16_helpandtrainer.TestSupport" name="test_feedback" time="0.259" /><testcase classname="tests.test_suvio_v16_helpandtrainer.TestSupport" name="test_support_chat" time="3.124" /><testcase classname="tests.test_suvio_v16_helpandtrainer.TestHealthTrainer" name="test_trainer_sessions_require_auth" time="0.160" /><testcase classname="tests.test_suvio_v16_helpandtrainer.TestAuth" name="test_login_email" time="0.130" /><testcase classname="tests.test_suvio_v16_helpandtrainer.TestAiMemory" name="test_memory_get" time="0.113" /><testcase classname="tests.test_suvio_v16_helpandtrainer.TestDashboard" name="test_dashboard_bootstrap" time="0.183" /></testsuite></testsuites>